<?xml version="1.0" encoding="UTF-8"?>
<coverage generated="1644118184528" clover="3.2.0">
  <project timestamp="1644118184528" name="All files">
    <metrics statements="30" coveredstatements="27" conditionals="8" coveredconditionals="8" methods="10" coveredmethods="9" elements="48" coveredelements="44" complexity="0" loc="30" ncloc="30" packages="4" files="4" classes="4"/>
    <package name="helpers.constants">
      <metrics statements="3" coveredstatements="3" conditionals="0" coveredconditionals="0" methods="0" coveredmethods="0"/>
      <file name="index.js" path="/Users/mad150/Desktop/challenge-mobile-quiz/src/helpers/constants/index.js">
        <metrics statements="3" coveredstatements="3" conditionals="0" coveredconditionals="0" methods="0" coveredmethods="0"/>
        <line num="1" count="1" type="stmt"/>
        <line num="2" count="1" type="stmt"/>
        <line num="3" count="1" type="stmt"/>
      </file>
    </package>
    <package name="helpers.utility">
      <metrics statements="13" coveredstatements="10" conditionals="4" coveredconditionals="4" methods="5" coveredmethods="4"/>
      <file name="index.js" path="/Users/mad150/Desktop/challenge-mobile-quiz/src/helpers/utility/index.js">
        <metrics statements="13" coveredstatements="10" conditionals="4" coveredconditionals="4" methods="5" coveredmethods="4"/>
        <line num="1" count="1" type="stmt"/>
        <line num="2" count="0" type="stmt"/>
        <line num="3" count="0" type="stmt"/>
        <line num="4" count="0" type="stmt"/>
        <line num="6" count="1" type="stmt"/>
        <line num="7" count="4" type="cond" truecount="2" falsecount="0"/>
        <line num="8" count="3" type="stmt"/>
        <line num="10" count="1" type="stmt"/>
        <line num="12" count="4" type="stmt"/>
        <line num="14" count="1" type="stmt"/>
        <line num="15" count="4" type="cond" truecount="2" falsecount="0"/>
        <line num="16" count="3" type="stmt"/>
        <line num="18" count="49" type="stmt"/>
      </file>
    </package>
    <package name="views.Quiz.components.ProgressBar">
      <metrics statements="4" coveredstatements="4" conditionals="0" coveredconditionals="0" methods="2" coveredmethods="2"/>
      <file name="index.js" path="/Users/mad150/Desktop/challenge-mobile-quiz/src/views/Quiz/components/ProgressBar/index.js">
        <metrics statements="4" coveredstatements="4" conditionals="0" coveredconditionals="0" methods="2" coveredmethods="2"/>
        <line num="6" count="2" type="stmt"/>
        <line num="7" count="1" type="stmt"/>
        <line num="13" count="2" type="stmt"/>
        <line num="21" count="1" type="stmt"/>
      </file>
    </package>
    <package name="views.Quiz.data">
      <metrics statements="10" coveredstatements="10" conditionals="4" coveredconditionals="4" methods="3" coveredmethods="3"/>
      <file name="index.js" path="/Users/mad150/Desktop/challenge-mobile-quiz/src/views/Quiz/data/index.js">
        <metrics statements="10" coveredstatements="10" conditionals="4" coveredconditionals="4" methods="3" coveredmethods="3"/>
        <line num="4" count="1" type="stmt"/>
        <line num="5" count="4" type="stmt"/>
        <line num="6" count="4" type="stmt"/>
        <line num="9" count="52" type="cond" truecount="2" falsecount="0"/>
        <line num="10" count="3" type="stmt"/>
        <line num="20" count="49" type="cond" truecount="2" falsecount="0"/>
        <line num="21" count="30" type="stmt"/>
        <line num="26" count="1" type="stmt"/>
        <line num="36" count="4" type="stmt"/>
        <line num="41" count="80" type="stmt"/>
      </file>
    </package>
  </project>
</coverage>
