{"/Users/mad150/Desktop/challenge-mobile-quiz/src/helpers/utility/index.js": {"path":"/Users/mad150/Desktop/challenge-mobile-quiz/src/helpers/utility/index.js","statementMap":{"0":{"start":{"line":1,"column":28},"end":{"line":5,"column":3}},"1":{"start":{"line":2,"column":4},"end":{"line":2,"column":25}},"2":{"start":{"line":3,"column":4},"end":{"line":3,"column":26}},"3":{"start":{"line":4,"column":4},"end":{"line":4,"column":57}},"4":{"start":{"line":6,"column":34},"end":{"line":18,"column":3}},"5":{"start":{"line":7,"column":6},"end":{"line":7,"column":54}},"6":{"start":{"line":7,"column":35},"end":{"line":7,"column":54}},"7":{"start":{"line":8,"column":25},"end":{"line":8,"column":48}},"8":{"start":{"line":9,"column":31},"end":{"line":9,"column":64}},"9":{"start":{"line":10,"column":3},"end":{"line":10,"column":87}},"10":{"start":{"line":10,"column":49},"end":{"line":10,"column":87}},"11":{"start":{"line":12,"column":25},"end":{"line":12,"column":58}},"12":{"start":{"line":13,"column":29},"end":{"line":13,"column":46}},"13":{"start":{"line":14,"column":4},"end":{"line":14,"column":57}},"14":{"start":{"line":15,"column":4},"end":{"line":15,"column":55}},"15":{"start":{"line":16,"column":4},"end":{"line":16,"column":27}},"16":{"start":{"line":19,"column":31},"end":{"line":24,"column":1}},"17":{"start":{"line":20,"column":35},"end":{"line":20,"column":56}},"18":{"start":{"line":21,"column":3},"end":{"line":21,"column":44}},"19":{"start":{"line":21,"column":35},"end":{"line":21,"column":44}},"20":{"start":{"line":23,"column":4},"end":{"line":23,"column":78}},"21":{"start":{"line":25,"column":31},"end":{"line":30,"column":1}},"22":{"start":{"line":26,"column":34},"end":{"line":26,"column":55}},"23":{"start":{"line":27,"column":3},"end":{"line":27,"column":44}},"24":{"start":{"line":27,"column":35},"end":{"line":27,"column":44}},"25":{"start":{"line":29,"column":4},"end":{"line":29,"column":101}},"26":{"start":{"line":31,"column":31},"end":{"line":35,"column":1}},"27":{"start":{"line":32,"column":35},"end":{"line":32,"column":80}},"28":{"start":{"line":33,"column":4},"end":{"line":33,"column":45}},"29":{"start":{"line":33,"column":36},"end":{"line":33,"column":45}},"30":{"start":{"line":34,"column":5},"end":{"line":34,"column":77}},"31":{"start":{"line":36,"column":31},"end":{"line":39,"column":1}},"32":{"start":{"line":37,"column":4},"end":{"line":37,"column":44}},"33":{"start":{"line":37,"column":36},"end":{"line":37,"column":44}},"34":{"start":{"line":38,"column":4},"end":{"line":38,"column":83}}},"fnMap":{"0":{"name":"(anonymous_0)","decl":{"start":{"line":1,"column":28},"end":{"line":1,"column":29}},"loc":{"start":{"line":1,"column":40},"end":{"line":5,"column":3}},"line":1},"1":{"name":"(anonymous_1)","decl":{"start":{"line":6,"column":34},"end":{"line":6,"column":35}},"loc":{"start":{"line":6,"column":64},"end":{"line":18,"column":3}},"line":6},"2":{"name":"(anonymous_2)","decl":{"start":{"line":19,"column":31},"end":{"line":19,"column":32}},"loc":{"start":{"line":19,"column":39},"end":{"line":24,"column":1}},"line":19},"3":{"name":"(anonymous_3)","decl":{"start":{"line":25,"column":31},"end":{"line":25,"column":32}},"loc":{"start":{"line":25,"column":39},"end":{"line":30,"column":1}},"line":25},"4":{"name":"(anonymous_4)","decl":{"start":{"line":31,"column":31},"end":{"line":31,"column":32}},"loc":{"start":{"line":31,"column":39},"end":{"line":35,"column":1}},"line":31},"5":{"name":"(anonymous_5)","decl":{"start":{"line":36,"column":31},"end":{"line":36,"column":32}},"loc":{"start":{"line":36,"column":39},"end":{"line":39,"column":1}},"line":36}},"branchMap":{"0":{"loc":{"start":{"line":7,"column":6},"end":{"line":7,"column":54}},"type":"if","locations":[{"start":{"line":7,"column":6},"end":{"line":7,"column":54}},{"start":{},"end":{}}],"line":7},"1":{"loc":{"start":{"line":10,"column":3},"end":{"line":10,"column":87}},"type":"if","locations":[{"start":{"line":10,"column":3},"end":{"line":10,"column":87}},{"start":{},"end":{}}],"line":10},"2":{"loc":{"start":{"line":21,"column":3},"end":{"line":21,"column":44}},"type":"if","locations":[{"start":{"line":21,"column":3},"end":{"line":21,"column":44}},{"start":{},"end":{}}],"line":21},"3":{"loc":{"start":{"line":27,"column":3},"end":{"line":27,"column":44}},"type":"if","locations":[{"start":{"line":27,"column":3},"end":{"line":27,"column":44}},{"start":{},"end":{}}],"line":27},"4":{"loc":{"start":{"line":33,"column":4},"end":{"line":33,"column":45}},"type":"if","locations":[{"start":{"line":33,"column":4},"end":{"line":33,"column":45}},{"start":{},"end":{}}],"line":33},"5":{"loc":{"start":{"line":37,"column":4},"end":{"line":37,"column":44}},"type":"if","locations":[{"start":{"line":37,"column":4},"end":{"line":37,"column":44}},{"start":{},"end":{}}],"line":37}},"s":{"0":1,"1":0,"2":0,"3":0,"4":1,"5":0,"6":0,"7":0,"8":0,"9":0,"10":0,"11":0,"12":0,"13":0,"14":0,"15":0,"16":1,"17":1,"18":1,"19":0,"20":1,"21":1,"22":1,"23":1,"24":0,"25":1,"26":1,"27":1,"28":1,"29":0,"30":1,"31":1,"32":3,"33":0,"34":3},"f":{"0":0,"1":0,"2":1,"3":1,"4":1,"5":3},"b":{"0":[0,0],"1":[0,0],"2":[0,1],"3":[0,1],"4":[0,1],"5":[0,3]},"_coverageSchema":"1a1c01bbd47fc00a2c39e90264f33305004495a9","hash":"afafae1a8032c8b581a137ea6725964906918560"}
,"/Users/mad150/Desktop/challenge-mobile-quiz/src/views/Quiz/components/ProgressBar/index.js": {"path":"/Users/mad150/Desktop/challenge-mobile-quiz/src/views/Quiz/components/ProgressBar/index.js","statementMap":{"0":{"start":{"line":6,"column":17},"end":{"line":11,"column":1}},"1":{"start":{"line":7,"column":16},"end":{"line":7,"column":30}},"2":{"start":{"line":13,"column":26},"end":{"line":18,"column":1}},"3":{"start":{"line":21,"column":4},"end":{"line":25,"column":5}}},"fnMap":{"0":{"name":"(anonymous_0)","decl":{"start":{"line":7,"column":9},"end":{"line":7,"column":10}},"loc":{"start":{"line":7,"column":16},"end":{"line":7,"column":30}},"line":7},"1":{"name":"(anonymous_1)","decl":{"start":{"line":20,"column":15},"end":{"line":20,"column":16}},"loc":{"start":{"line":20,"column":29},"end":{"line":26,"column":1}},"line":20}},"branchMap":{},"s":{"0":1,"1":1,"2":1,"3":1},"f":{"0":1,"1":1},"b":{},"_coverageSchema":"1a1c01bbd47fc00a2c39e90264f33305004495a9","hash":"8286ef1a605b0f34643dffb4f70267586290da56"}
}
