{"/Users/mad150/Desktop/challenge-mobile-quiz/src/helpers/constants/index.js": {"path":"/Users/mad150/Desktop/challenge-mobile-quiz/src/helpers/constants/index.js","statementMap":{"0":{"start":{"line":1,"column":20},"end":{"line":1,"column":26}},"1":{"start":{"line":2,"column":22},"end":{"line":2,"column":30}},"2":{"start":{"line":3,"column":20},"end":{"line":3,"column":26}}},"fnMap":{},"branchMap":{},"s":{"0":1,"1":1,"2":1},"f":{},"b":{},"_coverageSchema":"1a1c01bbd47fc00a2c39e90264f33305004495a9","hash":"fa9942cd21e1c1320436ac4b634ab3f1299a16ae"}
,"/Users/mad150/Desktop/challenge-mobile-quiz/src/helpers/utility/index.js": {"path":"/Users/mad150/Desktop/challenge-mobile-quiz/src/helpers/utility/index.js","statementMap":{"0":{"start":{"line":1,"column":28},"end":{"line":5,"column":3}},"1":{"start":{"line":2,"column":4},"end":{"line":2,"column":25}},"2":{"start":{"line":3,"column":4},"end":{"line":3,"column":26}},"3":{"start":{"line":4,"column":4},"end":{"line":4,"column":57}},"4":{"start":{"line":6,"column":34},"end":{"line":18,"column":3}},"5":{"start":{"line":7,"column":6},"end":{"line":7,"column":54}},"6":{"start":{"line":7,"column":35},"end":{"line":7,"column":54}},"7":{"start":{"line":8,"column":25},"end":{"line":8,"column":48}},"8":{"start":{"line":9,"column":31},"end":{"line":9,"column":64}},"9":{"start":{"line":10,"column":3},"end":{"line":10,"column":87}},"10":{"start":{"line":10,"column":49},"end":{"line":10,"column":87}},"11":{"start":{"line":12,"column":25},"end":{"line":12,"column":58}},"12":{"start":{"line":13,"column":29},"end":{"line":13,"column":46}},"13":{"start":{"line":14,"column":4},"end":{"line":14,"column":57}},"14":{"start":{"line":15,"column":4},"end":{"line":15,"column":55}},"15":{"start":{"line":16,"column":4},"end":{"line":16,"column":27}},"16":{"start":{"line":19,"column":31},"end":{"line":24,"column":1}},"17":{"start":{"line":20,"column":35},"end":{"line":20,"column":56}},"18":{"start":{"line":21,"column":3},"end":{"line":21,"column":44}},"19":{"start":{"line":21,"column":35},"end":{"line":21,"column":44}},"20":{"start":{"line":23,"column":4},"end":{"line":23,"column":78}},"21":{"start":{"line":25,"column":31},"end":{"line":30,"column":1}},"22":{"start":{"line":26,"column":34},"end":{"line":26,"column":55}},"23":{"start":{"line":27,"column":3},"end":{"line":27,"column":44}},"24":{"start":{"line":27,"column":35},"end":{"line":27,"column":44}},"25":{"start":{"line":29,"column":4},"end":{"line":29,"column":101}},"26":{"start":{"line":31,"column":31},"end":{"line":35,"column":1}},"27":{"start":{"line":32,"column":35},"end":{"line":32,"column":80}},"28":{"start":{"line":33,"column":4},"end":{"line":33,"column":45}},"29":{"start":{"line":33,"column":36},"end":{"line":33,"column":45}},"30":{"start":{"line":34,"column":5},"end":{"line":34,"column":77}},"31":{"start":{"line":36,"column":31},"end":{"line":39,"column":1}},"32":{"start":{"line":37,"column":4},"end":{"line":37,"column":44}},"33":{"start":{"line":37,"column":36},"end":{"line":37,"column":44}},"34":{"start":{"line":38,"column":4},"end":{"line":38,"column":83}}},"fnMap":{"0":{"name":"(anonymous_0)","decl":{"start":{"line":1,"column":28},"end":{"line":1,"column":29}},"loc":{"start":{"line":1,"column":40},"end":{"line":5,"column":3}},"line":1},"1":{"name":"(anonymous_1)","decl":{"start":{"line":6,"column":34},"end":{"line":6,"column":35}},"loc":{"start":{"line":6,"column":64},"end":{"line":18,"column":3}},"line":6},"2":{"name":"(anonymous_2)","decl":{"start":{"line":19,"column":31},"end":{"line":19,"column":32}},"loc":{"start":{"line":19,"column":39},"end":{"line":24,"column":1}},"line":19},"3":{"name":"(anonymous_3)","decl":{"start":{"line":25,"column":31},"end":{"line":25,"column":32}},"loc":{"start":{"line":25,"column":39},"end":{"line":30,"column":1}},"line":25},"4":{"name":"(anonymous_4)","decl":{"start":{"line":31,"column":31},"end":{"line":31,"column":32}},"loc":{"start":{"line":31,"column":39},"end":{"line":35,"column":1}},"line":31},"5":{"name":"(anonymous_5)","decl":{"start":{"line":36,"column":31},"end":{"line":36,"column":32}},"loc":{"start":{"line":36,"column":39},"end":{"line":39,"column":1}},"line":36}},"branchMap":{"0":{"loc":{"start":{"line":7,"column":6},"end":{"line":7,"column":54}},"type":"if","locations":[{"start":{"line":7,"column":6},"end":{"line":7,"column":54}},{"start":{},"end":{}}],"line":7},"1":{"loc":{"start":{"line":10,"column":3},"end":{"line":10,"column":87}},"type":"if","locations":[{"start":{"line":10,"column":3},"end":{"line":10,"column":87}},{"start":{},"end":{}}],"line":10},"2":{"loc":{"start":{"line":21,"column":3},"end":{"line":21,"column":44}},"type":"if","locations":[{"start":{"line":21,"column":3},"end":{"line":21,"column":44}},{"start":{},"end":{}}],"line":21},"3":{"loc":{"start":{"line":27,"column":3},"end":{"line":27,"column":44}},"type":"if","locations":[{"start":{"line":27,"column":3},"end":{"line":27,"column":44}},{"start":{},"end":{}}],"line":27},"4":{"loc":{"start":{"line":33,"column":4},"end":{"line":33,"column":45}},"type":"if","locations":[{"start":{"line":33,"column":4},"end":{"line":33,"column":45}},{"start":{},"end":{}}],"line":33},"5":{"loc":{"start":{"line":37,"column":4},"end":{"line":37,"column":44}},"type":"if","locations":[{"start":{"line":37,"column":4},"end":{"line":37,"column":44}},{"start":{},"end":{}}],"line":37}},"s":{"0":2,"1":49,"2":49,"3":49,"4":2,"5":49,"6":0,"7":49,"8":49,"9":49,"10":0,"11":49,"12":49,"13":49,"14":49,"15":49,"16":2,"17":24,"18":24,"19":16,"20":8,"21":2,"22":47,"23":47,"24":0,"25":47,"26":2,"27":47,"28":47,"29":10,"30":37,"31":2,"32":26,"33":0,"34":26},"f":{"0":49,"1":49,"2":24,"3":47,"4":47,"5":26},"b":{"0":[0,49],"1":[0,49],"2":[16,8],"3":[0,47],"4":[10,37],"5":[0,26]},"_coverageSchema":"1a1c01bbd47fc00a2c39e90264f33305004495a9","hash":"afafae1a8032c8b581a137ea6725964906918560"}
,"/Users/mad150/Desktop/challenge-mobile-quiz/src/views/Quiz/index.js": {"path":"/Users/mad150/Desktop/challenge-mobile-quiz/src/views/Quiz/index.js","statementMap":{"0":{"start":{"line":13,"column":18},"end":{"line":19,"column":1}},"1":{"start":{"line":21,"column":23},"end":{"line":27,"column":1}},"2":{"start":{"line":28,"column":22},"end":{"line":34,"column":1}},"3":{"start":{"line":35,"column":21},"end":{"line":41,"column":1}},"4":{"start":{"line":42,"column":21},"end":{"line":49,"column":1}},"5":{"start":{"line":50,"column":25},"end":{"line":57,"column":1}},"6":{"start":{"line":61,"column":27},"end":{"line":61,"column":51}},"7":{"start":{"line":63,"column":28},"end":{"line":71,"column":4}},"8":{"start":{"line":64,"column":31},"end":{"line":64,"column":45}},"9":{"start":{"line":65,"column":24},"end":{"line":65,"column":93}},"10":{"start":{"line":66,"column":6},"end":{"line":66,"column":121}},"11":{"start":{"line":67,"column":27},"end":{"line":67,"column":126}},"12":{"start":{"line":69,"column":6},"end":{"line":69,"column":67}},"13":{"start":{"line":73,"column":32},"end":{"line":76,"column":4}},"14":{"start":{"line":75,"column":6},"end":{"line":75,"column":75}},"15":{"start":{"line":78,"column":3},"end":{"line":85,"column":8}},"16":{"start":{"line":80,"column":21},"end":{"line":80,"column":35}},"17":{"start":{"line":82,"column":6},"end":{"line":82,"column":55}},"18":{"start":{"line":87,"column":3},"end":{"line":89,"column":12}},"19":{"start":{"line":92,"column":3},"end":{"line":92,"column":31}},"20":{"start":{"line":92,"column":20},"end":{"line":92,"column":31}},"21":{"start":{"line":93,"column":2},"end":{"line":112,"column":5}}},"fnMap":{"0":{"name":"(anonymous_0)","decl":{"start":{"line":59,"column":15},"end":{"line":59,"column":16}},"loc":{"start":{"line":59,"column":33},"end":{"line":113,"column":1}},"line":59},"1":{"name":"(anonymous_1)","decl":{"start":{"line":63,"column":28},"end":{"line":63,"column":29}},"loc":{"start":{"line":63,"column":38},"end":{"line":71,"column":4}},"line":63},"2":{"name":"(anonymous_2)","decl":{"start":{"line":73,"column":32},"end":{"line":73,"column":33}},"loc":{"start":{"line":73,"column":36},"end":{"line":76,"column":4}},"line":73},"3":{"name":"(anonymous_3)","decl":{"start":{"line":78,"column":13},"end":{"line":78,"column":14}},"loc":{"start":{"line":78,"column":17},"end":{"line":85,"column":4}},"line":78},"4":{"name":"(anonymous_4)","decl":{"start":{"line":87,"column":13},"end":{"line":87,"column":14}},"loc":{"start":{"line":87,"column":17},"end":{"line":89,"column":4}},"line":87}},"branchMap":{"0":{"loc":{"start":{"line":67,"column":27},"end":{"line":67,"column":126}},"type":"cond-expr","locations":[{"start":{"line":67,"column":37},"end":{"line":67,"column":83}},{"start":{"line":67,"column":84},"end":{"line":67,"column":126}}],"line":67},"1":{"loc":{"start":{"line":92,"column":3},"end":{"line":92,"column":31}},"type":"if","locations":[{"start":{"line":92,"column":3},"end":{"line":92,"column":31}},{"start":{},"end":{}}],"line":92}},"s":{"0":1,"1":1,"2":1,"3":1,"4":1,"5":1,"6":28,"7":28,"8":10,"9":10,"10":10,"11":10,"12":10,"13":28,"14":8,"15":28,"16":5,"17":5,"18":28,"19":28,"20":5,"21":23},"f":{"0":28,"1":10,"2":8,"3":5,"4":28},"b":{"0":[2,8],"1":[5,23]},"_coverageSchema":"1a1c01bbd47fc00a2c39e90264f33305004495a9","hash":"a6938f522f41763325bf4213d68ddc605b5959d6"}
,"/Users/mad150/Desktop/challenge-mobile-quiz/src/views/Quiz/components/AnswerResultArea/index.js": {"path":"/Users/mad150/Desktop/challenge-mobile-quiz/src/views/Quiz/components/AnswerResultArea/index.js","statementMap":{"0":{"start":{"line":5,"column":15},"end":{"line":12,"column":1}},"1":{"start":{"line":13,"column":15},"end":{"line":21,"column":1}},"2":{"start":{"line":23,"column":18},"end":{"line":28,"column":1}},"3":{"start":{"line":29,"column":19},"end":{"line":34,"column":1}},"4":{"start":{"line":37,"column":19},"end":{"line":37,"column":79}},"5":{"start":{"line":38,"column":21},"end":{"line":38,"column":83}},"6":{"start":{"line":39,"column":22},"end":{"line":39,"column":101}},"7":{"start":{"line":40,"column":27},"end":{"line":40,"column":94}},"8":{"start":{"line":43,"column":4},"end":{"line":52,"column":5}}},"fnMap":{"0":{"name":"(anonymous_0)","decl":{"start":{"line":36,"column":33},"end":{"line":36,"column":34}},"loc":{"start":{"line":36,"column":42},"end":{"line":53,"column":1}},"line":36}},"branchMap":{"0":{"loc":{"start":{"line":43,"column":12},"end":{"line":50,"column":20}},"type":"binary-expr","locations":[{"start":{"line":43,"column":12},"end":{"line":43,"column":20}},{"start":{"line":44,"column":8},"end":{"line":50,"column":20}}],"line":43},"1":{"loc":{"start":{"line":45,"column":20},"end":{"line":45,"column":49}},"type":"cond-expr","locations":[{"start":{"line":45,"column":30},"end":{"line":45,"column":40}},{"start":{"line":45,"column":41},"end":{"line":45,"column":49}}],"line":45},"2":{"loc":{"start":{"line":47,"column":29},"end":{"line":47,"column":68}},"type":"cond-expr","locations":[{"start":{"line":47,"column":44},"end":{"line":47,"column":52}},{"start":{"line":47,"column":53},"end":{"line":47,"column":68}}],"line":47}},"s":{"0":1,"1":1,"2":1,"3":1,"4":23,"5":23,"6":23,"7":23,"8":23},"f":{"0":23},"b":{"0":[23,10],"1":[2,8],"2":[0,10]},"_coverageSchema":"1a1c01bbd47fc00a2c39e90264f33305004495a9","hash":"f692f932319ba831068f605af25143dbbf0038d8"}
,"/Users/mad150/Desktop/challenge-mobile-quiz/src/views/Quiz/components/ButtonGrid/index.js": {"path":"/Users/mad150/Desktop/challenge-mobile-quiz/src/views/Quiz/components/ButtonGrid/index.js","statementMap":{"0":{"start":{"line":6,"column":18},"end":{"line":13,"column":1}},"1":{"start":{"line":14,"column":18},"end":{"line":16,"column":1}},"2":{"start":{"line":19,"column":20},"end":{"line":19,"column":79}},"3":{"start":{"line":20,"column":33},"end":{"line":20,"column":82}},"4":{"start":{"line":22,"column":26},"end":{"line":22,"column":82}},"5":{"start":{"line":23,"column":21},"end":{"line":23,"column":62}},"6":{"start":{"line":25,"column":2},"end":{"line":28,"column":32}},"7":{"start":{"line":27,"column":4},"end":{"line":27,"column":55}},"8":{"start":{"line":29,"column":4},"end":{"line":44,"column":5}},"9":{"start":{"line":32,"column":114},"end":{"line":32,"column":134}},"10":{"start":{"line":33,"column":115},"end":{"line":33,"column":135}},"11":{"start":{"line":38,"column":115},"end":{"line":38,"column":135}},"12":{"start":{"line":39,"column":114},"end":{"line":39,"column":134}}},"fnMap":{"0":{"name":"(anonymous_0)","decl":{"start":{"line":18,"column":28},"end":{"line":18,"column":29}},"loc":{"start":{"line":18,"column":48},"end":{"line":45,"column":1}},"line":18},"1":{"name":"(anonymous_1)","decl":{"start":{"line":25,"column":12},"end":{"line":25,"column":13}},"loc":{"start":{"line":25,"column":16},"end":{"line":28,"column":3}},"line":25},"2":{"name":"(anonymous_2)","decl":{"start":{"line":32,"column":110},"end":{"line":32,"column":111}},"loc":{"start":{"line":32,"column":114},"end":{"line":32,"column":134}},"line":32},"3":{"name":"(anonymous_3)","decl":{"start":{"line":33,"column":111},"end":{"line":33,"column":112}},"loc":{"start":{"line":33,"column":115},"end":{"line":33,"column":135}},"line":33},"4":{"name":"(anonymous_4)","decl":{"start":{"line":38,"column":111},"end":{"line":38,"column":112}},"loc":{"start":{"line":38,"column":115},"end":{"line":38,"column":135}},"line":38},"5":{"name":"(anonymous_5)","decl":{"start":{"line":39,"column":110},"end":{"line":39,"column":111}},"loc":{"start":{"line":39,"column":114},"end":{"line":39,"column":134}},"line":39}},"branchMap":{"0":{"loc":{"start":{"line":37,"column":9},"end":{"line":41,"column":20}},"type":"binary-expr","locations":[{"start":{"line":37,"column":9},"end":{"line":37,"column":70}},{"start":{"line":37,"column":74},"end":{"line":41,"column":20}}],"line":37}},"s":{"0":1,"1":1,"2":36,"3":36,"4":36,"5":36,"6":36,"7":13,"8":36,"9":9,"10":0,"11":0,"12":1},"f":{"0":36,"1":13,"2":9,"3":0,"4":0,"5":1},"b":{"0":[36,34]},"_coverageSchema":"1a1c01bbd47fc00a2c39e90264f33305004495a9","hash":"3d3656bcc070d207f53ae5a7aacdfe2184d4c4af"}
,"/Users/mad150/Desktop/challenge-mobile-quiz/src/views/Quiz/components/Difficulty/index.js": {"path":"/Users/mad150/Desktop/challenge-mobile-quiz/src/views/Quiz/components/Difficulty/index.js","statementMap":{"0":{"start":{"line":7,"column":18},"end":{"line":11,"column":1}},"1":{"start":{"line":14,"column":27},"end":{"line":14,"column":34}},"2":{"start":{"line":15,"column":27},"end":{"line":15,"column":66}},"3":{"start":{"line":16,"column":2},"end":{"line":20,"column":14}},"4":{"start":{"line":18,"column":10},"end":{"line":18,"column":114}}},"fnMap":{"0":{"name":"(anonymous_0)","decl":{"start":{"line":13,"column":28},"end":{"line":13,"column":29}},"loc":{"start":{"line":13,"column":39},"end":{"line":21,"column":1}},"line":13},"1":{"name":"(anonymous_1)","decl":{"start":{"line":17,"column":27},"end":{"line":17,"column":28}},"loc":{"start":{"line":17,"column":42},"end":{"line":19,"column":7}},"line":17}},"branchMap":{"0":{"loc":{"start":{"line":15,"column":27},"end":{"line":15,"column":66}},"type":"cond-expr","locations":[{"start":{"line":15,"column":43},"end":{"line":15,"column":44}},{"start":{"line":15,"column":45},"end":{"line":15,"column":66}}],"line":15},"1":{"loc":{"start":{"line":15,"column":45},"end":{"line":15,"column":66}},"type":"cond-expr","locations":[{"start":{"line":15,"column":63},"end":{"line":15,"column":64}},{"start":{"line":15,"column":65},"end":{"line":15,"column":66}}],"line":15},"2":{"loc":{"start":{"line":18,"column":69},"end":{"line":18,"column":108}},"type":"cond-expr","locations":[{"start":{"line":18,"column":94},"end":{"line":18,"column":101}},{"start":{"line":18,"column":102},"end":{"line":18,"column":108}}],"line":18}},"s":{"0":1,"1":23,"2":23,"3":23,"4":69},"f":{"0":23,"1":69},"b":{"0":[11,12],"1":[4,8],"2":[49,20]},"_coverageSchema":"1a1c01bbd47fc00a2c39e90264f33305004495a9","hash":"8731dbdf19fd326f85674c6106a88754a372ef5a"}
,"/Users/mad150/Desktop/challenge-mobile-quiz/src/views/Quiz/components/ProgressBar/index.js": {"path":"/Users/mad150/Desktop/challenge-mobile-quiz/src/views/Quiz/components/ProgressBar/index.js","statementMap":{"0":{"start":{"line":6,"column":17},"end":{"line":11,"column":1}},"1":{"start":{"line":7,"column":16},"end":{"line":7,"column":30}},"2":{"start":{"line":13,"column":26},"end":{"line":18,"column":1}},"3":{"start":{"line":21,"column":4},"end":{"line":25,"column":5}}},"fnMap":{"0":{"name":"(anonymous_0)","decl":{"start":{"line":7,"column":9},"end":{"line":7,"column":10}},"loc":{"start":{"line":7,"column":16},"end":{"line":7,"column":30}},"line":7},"1":{"name":"(anonymous_1)","decl":{"start":{"line":20,"column":15},"end":{"line":20,"column":16}},"loc":{"start":{"line":20,"column":29},"end":{"line":26,"column":1}},"line":20}},"branchMap":{},"s":{"0":2,"1":24,"2":2,"3":24},"f":{"0":24,"1":24},"b":{},"_coverageSchema":"1a1c01bbd47fc00a2c39e90264f33305004495a9","hash":"8286ef1a605b0f34643dffb4f70267586290da56"}
,"/Users/mad150/Desktop/challenge-mobile-quiz/src/views/Quiz/components/QuizChoiceButton/index.js": {"path":"/Users/mad150/Desktop/challenge-mobile-quiz/src/views/Quiz/components/QuizChoiceButton/index.js","statementMap":{"0":{"start":{"line":10,"column":24},"end":{"line":22,"column":1}},"1":{"start":{"line":12,"column":11},"end":{"line":12,"column":57}},"2":{"start":{"line":15,"column":18},"end":{"line":15,"column":47}},"3":{"start":{"line":17,"column":28},"end":{"line":17,"column":57}},"4":{"start":{"line":24,"column":19},"end":{"line":29,"column":1}},"5":{"start":{"line":26,"column":16},"end":{"line":26,"column":68}},"6":{"start":{"line":32,"column":4},"end":{"line":36,"column":5}}},"fnMap":{"0":{"name":"(anonymous_0)","decl":{"start":{"line":12,"column":4},"end":{"line":12,"column":5}},"loc":{"start":{"line":12,"column":11},"end":{"line":12,"column":57}},"line":12},"1":{"name":"(anonymous_1)","decl":{"start":{"line":15,"column":11},"end":{"line":15,"column":12}},"loc":{"start":{"line":15,"column":18},"end":{"line":15,"column":47}},"line":15},"2":{"name":"(anonymous_2)","decl":{"start":{"line":17,"column":21},"end":{"line":17,"column":22}},"loc":{"start":{"line":17,"column":28},"end":{"line":17,"column":57}},"line":17},"3":{"name":"(anonymous_3)","decl":{"start":{"line":26,"column":9},"end":{"line":26,"column":10}},"loc":{"start":{"line":26,"column":16},"end":{"line":26,"column":68}},"line":26},"4":{"name":"(anonymous_4)","decl":{"start":{"line":31,"column":15},"end":{"line":31,"column":16}},"loc":{"start":{"line":31,"column":24},"end":{"line":37,"column":1}},"line":31}},"branchMap":{"0":{"loc":{"start":{"line":12,"column":11},"end":{"line":12,"column":57}},"type":"cond-expr","locations":[{"start":{"line":12,"column":23},"end":{"line":12,"column":39}},{"start":{"line":12,"column":40},"end":{"line":12,"column":57}}],"line":12},"1":{"loc":{"start":{"line":15,"column":18},"end":{"line":15,"column":47}},"type":"cond-expr","locations":[{"start":{"line":15,"column":33},"end":{"line":15,"column":39}},{"start":{"line":15,"column":40},"end":{"line":15,"column":47}}],"line":15},"2":{"loc":{"start":{"line":17,"column":28},"end":{"line":17,"column":57}},"type":"cond-expr","locations":[{"start":{"line":17,"column":43},"end":{"line":17,"column":50}},{"start":{"line":17,"column":51},"end":{"line":17,"column":57}}],"line":17},"3":{"loc":{"start":{"line":26,"column":16},"end":{"line":26,"column":68}},"type":"cond-expr","locations":[{"start":{"line":26,"column":31},"end":{"line":26,"column":38}},{"start":{"line":26,"column":39},"end":{"line":26,"column":68}}],"line":26},"4":{"loc":{"start":{"line":26,"column":39},"end":{"line":26,"column":68}},"type":"cond-expr","locations":[{"start":{"line":26,"column":54},"end":{"line":26,"column":60}},{"start":{"line":26,"column":61},"end":{"line":26,"column":68}}],"line":26}},"s":{"0":1,"1":140,"2":140,"3":140,"4":1,"5":140,"6":140},"f":{"0":140,"1":140,"2":140,"3":140,"4":140},"b":{"0":[70,70],"1":[40,100],"2":[10,130],"3":[10,130],"4":[30,100]},"_coverageSchema":"1a1c01bbd47fc00a2c39e90264f33305004495a9","hash":"74ba2dce5e6b5606196981b8acad9a5c6591bfbf"}
,"/Users/mad150/Desktop/challenge-mobile-quiz/src/views/Quiz/components/StatsBar/index.js": {"path":"/Users/mad150/Desktop/challenge-mobile-quiz/src/views/Quiz/components/StatsBar/index.js","statementMap":{"0":{"start":{"line":6,"column":23},"end":{"line":12,"column":1}},"1":{"start":{"line":13,"column":18},"end":{"line":16,"column":1}},"2":{"start":{"line":17,"column":28},"end":{"line":24,"column":1}},"3":{"start":{"line":25,"column":23},"end":{"line":28,"column":1}},"4":{"start":{"line":29,"column":25},"end":{"line":35,"column":1}},"5":{"start":{"line":31,"column":16},"end":{"line":31,"column":26}},"6":{"start":{"line":37,"column":25},"end":{"line":43,"column":1}},"7":{"start":{"line":39,"column":16},"end":{"line":39,"column":26}},"8":{"start":{"line":45,"column":25},"end":{"line":51,"column":1}},"9":{"start":{"line":47,"column":16},"end":{"line":47,"column":26}},"10":{"start":{"line":53,"column":4},"end":{"line":66,"column":5}}},"fnMap":{"0":{"name":"(anonymous_0)","decl":{"start":{"line":31,"column":9},"end":{"line":31,"column":10}},"loc":{"start":{"line":31,"column":16},"end":{"line":31,"column":26}},"line":31},"1":{"name":"(anonymous_1)","decl":{"start":{"line":39,"column":9},"end":{"line":39,"column":10}},"loc":{"start":{"line":39,"column":16},"end":{"line":39,"column":26}},"line":39},"2":{"name":"(anonymous_2)","decl":{"start":{"line":47,"column":9},"end":{"line":47,"column":10}},"loc":{"start":{"line":47,"column":16},"end":{"line":47,"column":26}},"line":47},"3":{"name":"(anonymous_3)","decl":{"start":{"line":52,"column":15},"end":{"line":52,"column":16}},"loc":{"start":{"line":52,"column":25},"end":{"line":67,"column":1}},"line":52}},"branchMap":{},"s":{"0":1,"1":1,"2":1,"3":1,"4":1,"5":23,"6":1,"7":23,"8":1,"9":23,"10":23},"f":{"0":23,"1":23,"2":23,"3":23},"b":{},"_coverageSchema":"1a1c01bbd47fc00a2c39e90264f33305004495a9","hash":"7cc9b6f2db04f35bb8e848cae05eabaf0de8d262"}
,"/Users/mad150/Desktop/challenge-mobile-quiz/src/views/Quiz/data/index.js": {"path":"/Users/mad150/Desktop/challenge-mobile-quiz/src/views/Quiz/data/index.js","statementMap":{"0":{"start":{"line":5,"column":28},"end":{"line":11,"column":2}},"1":{"start":{"line":5,"column":32},"end":{"line":11,"column":2}},"2":{"start":{"line":6,"column":4},"end":{"line":10,"column":5}},"3":{"start":{"line":12,"column":28},"end":{"line":20,"column":1}},"4":{"start":{"line":13,"column":4},"end":{"line":19,"column":5}}},"fnMap":{"0":{"name":"(anonymous_0)","decl":{"start":{"line":5,"column":28},"end":{"line":5,"column":29}},"loc":{"start":{"line":5,"column":32},"end":{"line":11,"column":2}},"line":5},"1":{"name":"(anonymous_1)","decl":{"start":{"line":5,"column":46},"end":{"line":5,"column":47}},"loc":{"start":{"line":5,"column":60},"end":{"line":11,"column":1}},"line":5},"2":{"name":"(anonymous_2)","decl":{"start":{"line":12,"column":28},"end":{"line":12,"column":29}},"loc":{"start":{"line":12,"column":32},"end":{"line":20,"column":1}},"line":12}},"branchMap":{},"s":{"0":1,"1":5,"2":100,"3":1,"4":28},"f":{"0":5,"1":100,"2":28},"b":{},"_coverageSchema":"1a1c01bbd47fc00a2c39e90264f33305004495a9","hash":"0d4ce5475fa08405dc47d8f3a5340a95097a2310"}
}
