TN:
SF:src/helpers/constants/index.js
FNF:0
FNH:0
DA:1,1
DA:2,1
DA:3,1
LF:3
LH:3
BRF:0
BRH:0
end_of_record
TN:
SF:src/helpers/utility/index.js
FN:1,(anonymous_0)
FN:6,(anonymous_1)
FN:19,(anonymous_2)
FN:25,(anonymous_3)
FN:31,(anonymous_4)
FN:36,(anonymous_5)
FNF:6
FNH:6
FNDA:49,(anonymous_0)
FNDA:49,(anonymous_1)
FNDA:24,(anonymous_2)
FNDA:47,(anonymous_3)
FNDA:47,(anonymous_4)
FNDA:26,(anonymous_5)
DA:1,2
DA:2,49
DA:3,49
DA:4,49
DA:6,2
DA:7,49
DA:8,49
DA:9,49
DA:10,49
DA:12,49
DA:13,49
DA:14,49
DA:15,49
DA:16,49
DA:19,2
DA:20,24
DA:21,24
DA:23,8
DA:25,2
DA:26,47
DA:27,47
DA:29,47
DA:31,2
DA:32,47
DA:33,47
DA:34,37
DA:36,2
DA:37,26
DA:38,26
LF:29
LH:29
BRDA:7,0,0,0
BRDA:7,0,1,49
BRDA:10,1,0,0
BRDA:10,1,1,49
BRDA:21,2,0,16
BRDA:21,2,1,8
BRDA:27,3,0,0
BRDA:27,3,1,47
BRDA:33,4,0,10
BRDA:33,4,1,37
BRDA:37,5,0,0
BRDA:37,5,1,26
BRF:12
BRH:8
end_of_record
TN:
SF:src/views/Quiz/index.js
FN:59,(anonymous_0)
FN:63,(anonymous_1)
FN:73,(anonymous_2)
FN:78,(anonymous_3)
FN:87,(anonymous_4)
FNF:5
FNH:5
FNDA:28,(anonymous_0)
FNDA:10,(anonymous_1)
FNDA:8,(anonymous_2)
FNDA:5,(anonymous_3)
FNDA:28,(anonymous_4)
DA:13,1
DA:21,1
DA:28,1
DA:35,1
DA:42,1
DA:50,1
DA:61,28
DA:63,28
DA:64,10
DA:65,10
DA:66,10
DA:67,10
DA:69,10
DA:73,28
DA:75,8
DA:78,28
DA:80,5
DA:82,5
DA:87,28
DA:92,28
DA:93,23
LF:21
LH:21
BRDA:67,0,0,2
BRDA:67,0,1,8
BRDA:92,1,0,5
BRDA:92,1,1,23
BRF:4
BRH:4
end_of_record
TN:
SF:src/views/Quiz/components/AnswerResultArea/index.js
FN:36,(anonymous_0)
FNF:1
FNH:1
FNDA:23,(anonymous_0)
DA:5,1
DA:13,1
DA:23,1
DA:29,1
DA:37,23
DA:38,23
DA:39,23
DA:40,23
DA:43,23
LF:9
LH:9
BRDA:43,0,0,23
BRDA:43,0,1,10
BRDA:45,1,0,2
BRDA:45,1,1,8
BRDA:47,2,0,0
BRDA:47,2,1,10
BRF:6
BRH:5
end_of_record
TN:
SF:src/views/Quiz/components/ButtonGrid/index.js
FN:18,(anonymous_0)
FN:25,(anonymous_1)
FN:32,(anonymous_2)
FN:33,(anonymous_3)
FN:38,(anonymous_4)
FN:39,(anonymous_5)
FNF:6
FNH:4
FNDA:36,(anonymous_0)
FNDA:13,(anonymous_1)
FNDA:9,(anonymous_2)
FNDA:0,(anonymous_3)
FNDA:0,(anonymous_4)
FNDA:1,(anonymous_5)
DA:6,1
DA:14,1
DA:19,36
DA:20,36
DA:22,36
DA:23,36
DA:25,36
DA:27,13
DA:29,36
DA:32,9
DA:33,0
DA:38,0
DA:39,1
LF:13
LH:11
BRDA:37,0,0,36
BRDA:37,0,1,34
BRF:2
BRH:2
end_of_record
TN:
SF:src/views/Quiz/components/Difficulty/index.js
FN:13,(anonymous_0)
FN:17,(anonymous_1)
FNF:2
FNH:2
FNDA:23,(anonymous_0)
FNDA:69,(anonymous_1)
DA:7,1
DA:14,23
DA:15,23
DA:16,23
DA:18,69
LF:5
LH:5
BRDA:15,0,0,11
BRDA:15,0,1,12
BRDA:15,1,0,4
BRDA:15,1,1,8
BRDA:18,2,0,49
BRDA:18,2,1,20
BRF:6
BRH:6
end_of_record
TN:
SF:src/views/Quiz/components/ProgressBar/index.js
FN:7,(anonymous_0)
FN:20,(anonymous_1)
FNF:2
FNH:2
FNDA:24,(anonymous_0)
FNDA:24,(anonymous_1)
DA:6,2
DA:7,24
DA:13,2
DA:21,24
LF:4
LH:4
BRF:0
BRH:0
end_of_record
TN:
SF:src/views/Quiz/components/QuizChoiceButton/index.js
FN:12,(anonymous_0)
FN:15,(anonymous_1)
FN:17,(anonymous_2)
FN:26,(anonymous_3)
FN:31,(anonymous_4)
FNF:5
FNH:5
FNDA:140,(anonymous_0)
FNDA:140,(anonymous_1)
FNDA:140,(anonymous_2)
FNDA:140,(anonymous_3)
FNDA:140,(anonymous_4)
DA:10,1
DA:12,140
DA:15,140
DA:17,140
DA:24,1
DA:26,140
DA:32,140
LF:7
LH:7
BRDA:12,0,0,70
BRDA:12,0,1,70
BRDA:15,1,0,40
BRDA:15,1,1,100
BRDA:17,2,0,10
BRDA:17,2,1,130
BRDA:26,3,0,10
BRDA:26,3,1,130
BRDA:26,4,0,30
BRDA:26,4,1,100
BRF:10
BRH:10
end_of_record
TN:
SF:src/views/Quiz/components/StatsBar/index.js
FN:31,(anonymous_0)
FN:39,(anonymous_1)
FN:47,(anonymous_2)
FN:52,(anonymous_3)
FNF:4
FNH:4
FNDA:23,(anonymous_0)
FNDA:23,(anonymous_1)
FNDA:23,(anonymous_2)
FNDA:23,(anonymous_3)
DA:6,1
DA:13,1
DA:17,1
DA:25,1
DA:29,1
DA:31,23
DA:37,1
DA:39,23
DA:45,1
DA:47,23
DA:53,23
LF:11
LH:11
BRF:0
BRH:0
end_of_record
TN:
SF:src/views/Quiz/data/index.js
FN:5,(anonymous_0)
FN:5,(anonymous_1)
FN:12,(anonymous_2)
FNF:3
FNH:3
FNDA:5,(anonymous_0)
FNDA:100,(anonymous_1)
FNDA:28,(anonymous_2)
DA:5,5
DA:6,100
DA:12,1
DA:13,28
LF:4
LH:4
BRF:0
BRH:0
end_of_record
