TN:
SF:src/helpers/constants/index.js
FNF:0
FNH:0
DA:1,1
DA:2,1
DA:3,1
LF:3
LH:3
BRF:0
BRH:0
end_of_record
TN:
SF:src/helpers/utility/index.js
FN:1,(anonymous_0)
FN:6,(anonymous_1)
FN:10,(anonymous_2)
FN:14,(anonymous_3)
FN:18,(anonymous_4)
FNF:5
FNH:4
FNDA:0,(anonymous_0)
FNDA:4,(anonymous_1)
FNDA:4,(anonymous_2)
FNDA:4,(anonymous_3)
FNDA:49,(anonymous_4)
DA:1,1
DA:2,0
DA:3,0
DA:4,0
DA:6,1
DA:7,4
DA:8,3
DA:10,1
DA:12,4
DA:14,1
DA:15,4
DA:16,3
DA:18,49
LF:13
LH:10
BRDA:7,0,0,1
BRDA:7,0,1,3
BRDA:15,1,0,1
BRDA:15,1,1,3
BRF:4
BRH:4
end_of_record
TN:
SF:src/views/Quiz/components/ProgressBar/index.js
FN:7,(anonymous_0)
FN:20,(anonymous_1)
FNF:2
FNH:2
FNDA:1,(anonymous_0)
FNDA:1,(anonymous_1)
DA:6,2
DA:7,1
DA:13,2
DA:21,1
LF:4
LH:4
BRF:0
BRH:0
end_of_record
TN:
SF:src/views/Quiz/data/index.js
FN:4,(anonymous_0)
FN:36,(anonymous_1)
FN:41,(anonymous_2)
FNF:3
FNH:3
FNDA:4,(anonymous_0)
FNDA:4,(anonymous_1)
FNDA:80,(anonymous_2)
DA:4,1
DA:5,4
DA:6,4
DA:9,52
DA:10,3
DA:20,49
DA:21,30
DA:26,1
DA:36,4
DA:41,80
LF:10
LH:10
BRDA:9,0,0,3
BRDA:9,0,1,49
BRDA:20,1,0,30
BRDA:20,1,1,19
BRF:4
BRH:4
end_of_record
